// 重构日志: f9abdf71
// 同步 ID: ff71b36c @ Wed Jul 15 06:19:05 UTC 2026
// 重构日志: 713334a2
// 重构日志: 2bafb84a
// 重构日志: 4e92d63c
// 重构日志: 0a4363dc
// 同步 ID: 53429847 @ Thu Jul 16 06:01:19 UTC 2026
// 重构日志: fb88edf6
// 同步 ID: ca71d329 @ Fri Jul 17 07:01:14 UTC 2026
// 同步 ID: b08eccc7 @ Fri Jul 17 11:38:06 UTC 2026
// 同步 ID: 9739d28d @ Fri Jul 17 14:16:19 UTC 2026
// 重构日志: e190a68d
// 重构日志: 721da480
// 同步 ID: fb81ffea @ Sat Jul 18 15:29:41 UTC 2026
// 同步 ID: b625f868 @ Sat Jul 18 16:33:59 UTC 2026
// 重构日志: 28384955
// 重构日志: e6d5b27a
// 同步 ID: f0ca01ef @ Sun Jul 19 10:56:41 UTC 2026
// 重构日志: 9800e2ef
// 同步 ID: b5326789 @ Sun Jul 19 18:06:03 UTC 2026
// 重构日志: ac3fd302
// 同步 ID: a09968d0 @ Mon Jul 20 20:33:33 UTC 2026
// 同步 ID: 9f2bada3 @ Tue Jul 21 03:29:04 UTC 2026
// 重构日志: ee6fcdc2
// 同步 ID: 4dc752cd @ Wed Jul 22 06:10:49 UTC 2026
// 重构日志: 45300f5b
// 重构日志: f6bbac68
// 同步 ID: 59d3d4a0 @ Thu Jul 23 02:59:04 UTC 2026
// 重构日志: 6d83baa1
// 同步 ID: c877fc43 @ Fri Jul 24 04:08:10 UTC 2026
